moduleApp/flappyBluetoothApp/build/intermediates/manifest_merge_blame_file/debug/manifest-merger-blame-debug-report.txt
1<?xml version="1.0" encoding="utf-8"?>
2<manifest xmlns:android="http://schemas.android.com/apk/res/android"
3    package="com.cpen391.flappyBird.flappyBluetoothApp"
4    android:versionCode="1"
5    android:versionName="1.0.0" >
6
7    <uses-sdk
8        android:minSdkVersion="26"
8-->src\main\AndroidManifest.xml
9        android:targetSdkVersion="28" />
9-->src\main\AndroidManifest.xml
10
11    <!-- permissions for bluetooth connection module -->
12    <uses-permission android:name="android.permission.BLUETOOTH" />
12-->src\main\AndroidManifest.xml:6:5-67
12-->src\main\AndroidManifest.xml:6:22-65
13    <uses-permission android:name="android.permission.BLUETOOTH_ADMIN" />
13-->src\main\AndroidManifest.xml:7:5-73
13-->src\main\AndroidManifest.xml:7:22-71
14
15    <!-- permission to access user's location -->
16    <uses-permission android:name="android.permission.ACCESS_FINE_LOCATION" />
16-->src\main\AndroidManifest.xml:10:5-78
16-->src\main\AndroidManifest.xml:10:22-76
17    <uses-permission android:name="android.permission.ACCESS_COARSE_LOCATION" />
17-->src\main\AndroidManifest.xml:11:5-80
17-->src\main\AndroidManifest.xml:11:22-78
18    <uses-permission android:name="android.permission.INTERNET" />
18-->[:businessBase] AndroidManifest.xml:11:5-67
18-->[:businessBase] AndroidManifest.xml:11:22-64
19    <uses-permission android:name="android.permission.ACCESS_NETWORK_STATE" />
19-->[:businessBase] AndroidManifest.xml:12:5-79
19-->[:businessBase] AndroidManifest.xml:12:22-76
20    <uses-permission android:name="android.permission.ACCESS_WIFI_STATE" /> <!-- To store the heap dumps and leak analysis results. -->
20-->[:businessBase] AndroidManifest.xml:13:5-76
20-->[:businessBase] AndroidManifest.xml:13:22-73
21    <uses-permission android:name="android.permission.READ_EXTERNAL_STORAGE" />
21-->[com.squareup.leakcanary:leakcanary-android-core:2.4] AndroidManifest.xml:23:5-80
21-->[com.squareup.leakcanary:leakcanary-android-core:2.4] AndroidManifest.xml:23:22-77
22    <uses-permission android:name="android.permission.WRITE_EXTERNAL_STORAGE" /> <!-- To allow starting foreground services on Android P+ - https://developer.android.com/preview/behavior-changes#fg-svc -->
22-->[com.squareup.leakcanary:leakcanary-android-core:2.4] AndroidManifest.xml:24:5-81
22-->[com.squareup.leakcanary:leakcanary-android-core:2.4] AndroidManifest.xml:24:22-78
23    <uses-permission android:name="android.permission.FOREGROUND_SERVICE" />
23-->[com.squareup.leakcanary:leakcanary-android-core:2.4] AndroidManifest.xml:26:5-77
23-->[com.squareup.leakcanary:leakcanary-android-core:2.4] AndroidManifest.xml:26:22-74
24
25    <application
25-->src\main\AndroidManifest.xml:13:5-29:19
26        android:name="com.cpen391.businessbase.application.BusinessApp"
26-->src\main\AndroidManifest.xml:14:9-72
27        android:allowBackup="true"
27-->src\main\AndroidManifest.xml:15:9-35
28        android:appComponentFactory="androidx.core.app.CoreComponentFactory"
28-->[androidx.core:core:1.3.1] AndroidManifest.xml:24:18-86
29        android:debuggable="true"
30        android:extractNativeLibs="false"
31        android:icon="@mipmap/ic_launcher"
31-->src\main\AndroidManifest.xml:16:9-43
32        android:label="@string/app_name"
32-->src\main\AndroidManifest.xml:17:9-41
33        android:networkSecurityConfig="@xml/network_security_config"
33-->src\main\AndroidManifest.xml:18:9-69
34        android:roundIcon="@mipmap/ic_launcher_round"
34-->src\main\AndroidManifest.xml:19:9-54
35        android:supportsRtl="true"
35-->src\main\AndroidManifest.xml:20:9-35
36        android:testOnly="true"
37        android:theme="@style/AppTheme" >
37-->src\main\AndroidManifest.xml:21:9-40
38        <activity
38-->src\main\AndroidManifest.xml:22:9-28:20
39            android:name="com.cpen391.flappybluetooth.activity.MainActivity"
39-->src\main\AndroidManifest.xml:22:19-83
40            android:configChanges="orientation"
40-->[:flappyBluetooth] AndroidManifest.xml:20:13-48
41            android:screenOrientation="portrait" >
41-->[:flappyBluetooth] AndroidManifest.xml:21:13-49
42            <intent-filter>
42-->src\main\AndroidManifest.xml:23:13-27:29
43                <action android:name="android.intent.action.MAIN" />
43-->src\main\AndroidManifest.xml:24:17-69
43-->src\main\AndroidManifest.xml:24:25-66
44
45                <category android:name="android.intent.category.LAUNCHER" />
45-->src\main\AndroidManifest.xml:26:17-77
45-->src\main\AndroidManifest.xml:26:27-74
46            </intent-filter>
47        </activity>
48
49        <service
49-->[com.google.firebase:firebase-database-ktx:19.6.0] AndroidManifest.xml:12:9-18:19
50            android:name="com.google.firebase.components.ComponentDiscoveryService"
50-->[com.google.firebase:firebase-database-ktx:19.6.0] AndroidManifest.xml:13:13-84
51            android:directBootAware="true"
51-->[com.google.firebase:firebase-common:19.5.0] AndroidManifest.xml:35:13-43
52            android:exported="false" >
52-->[com.google.firebase:firebase-database-ktx:19.6.0] AndroidManifest.xml:14:13-37
53            <meta-data
53-->[com.google.firebase:firebase-database-ktx:19.6.0] AndroidManifest.xml:15:13-17:85
54                android:name="com.google.firebase.components:com.google.firebase.database.ktx.FirebaseDatabaseKtxRegistrar"
54-->[com.google.firebase:firebase-database-ktx:19.6.0] AndroidManifest.xml:16:17-124
55                android:value="com.google.firebase.components.ComponentRegistrar" />
55-->[com.google.firebase:firebase-database-ktx:19.6.0] AndroidManifest.xml:17:17-82
56            <meta-data
56-->[com.google.firebase:firebase-common-ktx:19.5.0] AndroidManifest.xml:15:13-17:85
57                android:name="com.google.firebase.components:com.google.firebase.ktx.FirebaseCommonKtxRegistrar"
57-->[com.google.firebase:firebase-common-ktx:19.5.0] AndroidManifest.xml:16:17-113
58                android:value="com.google.firebase.components.ComponentRegistrar" />
58-->[com.google.firebase:firebase-common-ktx:19.5.0] AndroidManifest.xml:17:17-82
59            <meta-data
59-->[com.google.firebase:firebase-database:19.6.0] AndroidManifest.xml:32:13-34:85
60                android:name="com.google.firebase.components:com.google.firebase.database.DatabaseRegistrar"
60-->[com.google.firebase:firebase-database:19.6.0] AndroidManifest.xml:33:17-109
61                android:value="com.google.firebase.components.ComponentRegistrar" />
61-->[com.google.firebase:firebase-database:19.6.0] AndroidManifest.xml:34:17-82
62            <!--
63                This registrar is not defined in the dynamic-module-support sdk itself to allow non-firebase
64                clients to use it as well, by defining this registrar in their own core/common library.
65            -->
66            <meta-data
66-->[com.google.firebase:firebase-common:19.5.0] AndroidManifest.xml:43:13-45:85
67                android:name="com.google.firebase.components:com.google.firebase.dynamicloading.DynamicLoadingRegistrar"
67-->[com.google.firebase:firebase-common:19.5.0] AndroidManifest.xml:44:17-121
68                android:value="com.google.firebase.components.ComponentRegistrar" />
68-->[com.google.firebase:firebase-common:19.5.0] AndroidManifest.xml:45:17-82
69        </service>
70        <service
70-->[com.squareup.leakcanary:leakcanary-android:2.4] AndroidManifest.xml:23:9-25:40
71            android:name="leakcanary.internal.HeapAnalyzerService"
71-->[com.squareup.leakcanary:leakcanary-android:2.4] AndroidManifest.xml:24:13-67
72            android:exported="false" />
72-->[com.squareup.leakcanary:leakcanary-android:2.4] AndroidManifest.xml:25:13-37
73
74        <provider
74-->[com.squareup.leakcanary:leakcanary-android-core:2.4] AndroidManifest.xml:29:9-37:20
75            android:name="leakcanary.internal.LeakCanaryFileProvider"
75-->[com.squareup.leakcanary:leakcanary-android-core:2.4] AndroidManifest.xml:30:13-70
76            android:authorities="com.squareup.leakcanary.fileprovider.com.cpen391.flappyBird.flappyBluetoothApp"
76-->[com.squareup.leakcanary:leakcanary-android-core:2.4] AndroidManifest.xml:31:13-88
77            android:exported="false"
77-->[com.squareup.leakcanary:leakcanary-android-core:2.4] AndroidManifest.xml:32:13-37
78            android:grantUriPermissions="true" >
78-->[com.squareup.leakcanary:leakcanary-android-core:2.4] AndroidManifest.xml:33:13-47
79            <meta-data
79-->[com.squareup.leakcanary:leakcanary-android-core:2.4] AndroidManifest.xml:34:13-36:66
80                android:name="android.support.FILE_PROVIDER_PATHS"
80-->[com.squareup.leakcanary:leakcanary-android-core:2.4] AndroidManifest.xml:35:17-67
81                android:resource="@xml/leak_canary_file_paths" />
81-->[com.squareup.leakcanary:leakcanary-android-core:2.4] AndroidManifest.xml:36:17-63
82        </provider>
83
84        <activity
84-->[com.squareup.leakcanary:leakcanary-android-core:2.4] AndroidManifest.xml:39:9-44:66
85            android:name="leakcanary.internal.activity.LeakActivity"
85-->[com.squareup.leakcanary:leakcanary-android-core:2.4] AndroidManifest.xml:40:13-69
86            android:icon="@mipmap/leak_canary_icon"
86-->[com.squareup.leakcanary:leakcanary-android-core:2.4] AndroidManifest.xml:41:13-52
87            android:label="@string/leak_canary_display_activity_label"
87-->[com.squareup.leakcanary:leakcanary-android-core:2.4] AndroidManifest.xml:42:13-71
88            android:taskAffinity="com.squareup.leakcanary.com.cpen391.flappyBird.flappyBluetoothApp"
88-->[com.squareup.leakcanary:leakcanary-android-core:2.4] AndroidManifest.xml:43:13-76
89            android:theme="@style/leak_canary_LeakCanary.Base" />
89-->[com.squareup.leakcanary:leakcanary-android-core:2.4] AndroidManifest.xml:44:13-63
90
91        <activity-alias
91-->[com.squareup.leakcanary:leakcanary-android-core:2.4] AndroidManifest.xml:46:9-62:26
92            android:name="leakcanary.internal.activity.LeakLauncherActivity"
92-->[com.squareup.leakcanary:leakcanary-android-core:2.4] AndroidManifest.xml:47:13-77
93            android:banner="@drawable/leak_canary_tv_icon"
93-->[com.squareup.leakcanary:leakcanary-android-core:2.4] AndroidManifest.xml:48:13-59
94            android:enabled="@bool/leak_canary_add_launcher_icon"
94-->[com.squareup.leakcanary:leakcanary-android-core:2.4] AndroidManifest.xml:49:13-66
95            android:icon="@mipmap/leak_canary_icon"
95-->[com.squareup.leakcanary:leakcanary-android-core:2.4] AndroidManifest.xml:50:13-52
96            android:label="@string/leak_canary_display_activity_label"
96-->[com.squareup.leakcanary:leakcanary-android-core:2.4] AndroidManifest.xml:51:13-71
97            android:targetActivity="leakcanary.internal.activity.LeakActivity"
97-->[com.squareup.leakcanary:leakcanary-android-core:2.4] AndroidManifest.xml:52:13-79
98            android:taskAffinity="com.squareup.leakcanary.com.cpen391.flappyBird.flappyBluetoothApp"
98-->[com.squareup.leakcanary:leakcanary-android-core:2.4] AndroidManifest.xml:53:13-76
99            android:theme="@style/leak_canary_LeakCanary.Base" >
99-->[com.squareup.leakcanary:leakcanary-android-core:2.4] AndroidManifest.xml:54:13-63
100            <intent-filter>
100-->[com.squareup.leakcanary:leakcanary-android-core:2.4] AndroidManifest.xml:55:13-61:29
101                <action android:name="android.intent.action.MAIN" />
101-->src\main\AndroidManifest.xml:24:17-69
101-->src\main\AndroidManifest.xml:24:25-66
102
103                <category android:name="android.intent.category.LAUNCHER" />
103-->src\main\AndroidManifest.xml:26:17-77
103-->src\main\AndroidManifest.xml:26:27-74
104                <!-- Android TV launcher intent -->
105                <category android:name="android.intent.category.LEANBACK_LAUNCHER" />
105-->[com.squareup.leakcanary:leakcanary-android-core:2.4] AndroidManifest.xml:60:17-86
105-->[com.squareup.leakcanary:leakcanary-android-core:2.4] AndroidManifest.xml:60:27-83
106            </intent-filter>
107        </activity-alias>
108
109        <activity
109-->[com.squareup.leakcanary:leakcanary-android-core:2.4] AndroidManifest.xml:64:9-70:68
110            android:name="leakcanary.internal.RequestStoragePermissionActivity"
110-->[com.squareup.leakcanary:leakcanary-android-core:2.4] AndroidManifest.xml:65:13-80
111            android:excludeFromRecents="true"
111-->[com.squareup.leakcanary:leakcanary-android-core:2.4] AndroidManifest.xml:66:13-46
112            android:icon="@mipmap/leak_canary_icon"
112-->[com.squareup.leakcanary:leakcanary-android-core:2.4] AndroidManifest.xml:67:13-52
113            android:label="@string/leak_canary_storage_permission_activity_label"
113-->[com.squareup.leakcanary:leakcanary-android-core:2.4] AndroidManifest.xml:68:13-82
114            android:taskAffinity="com.squareup.leakcanary.com.cpen391.flappyBird.flappyBluetoothApp"
114-->[com.squareup.leakcanary:leakcanary-android-core:2.4] AndroidManifest.xml:69:13-76
115            android:theme="@style/leak_canary_Theme.Transparent" />
115-->[com.squareup.leakcanary:leakcanary-android-core:2.4] AndroidManifest.xml:70:13-65
116
117        <receiver android:name="leakcanary.internal.NotificationReceiver" />
117-->[com.squareup.leakcanary:leakcanary-android-core:2.4] AndroidManifest.xml:72:9-77
117-->[com.squareup.leakcanary:leakcanary-android-core:2.4] AndroidManifest.xml:72:19-74
118
119        <provider
119-->[com.squareup.leakcanary:leakcanary-object-watcher-android:2.4] AndroidManifest.xml:8:9-12:40
120            android:name="leakcanary.internal.AppWatcherInstaller$MainProcess"
120-->[com.squareup.leakcanary:leakcanary-object-watcher-android:2.4] AndroidManifest.xml:9:13-79
121            android:authorities="com.cpen391.flappyBird.flappyBluetoothApp.leakcanary-installer"
121-->[com.squareup.leakcanary:leakcanary-object-watcher-android:2.4] AndroidManifest.xml:10:13-72
122            android:enabled="@bool/leak_canary_watcher_auto_install"
122-->[com.squareup.leakcanary:leakcanary-object-watcher-android:2.4] AndroidManifest.xml:11:13-69
123            android:exported="false" />
123-->[com.squareup.leakcanary:leakcanary-object-watcher-android:2.4] AndroidManifest.xml:12:13-37
124        <provider
124-->[com.squareup.leakcanary:plumber-android:2.4] AndroidManifest.xml:8:9-12:40
125            android:name="leakcanary.internal.PlumberInstaller"
125-->[com.squareup.leakcanary:plumber-android:2.4] AndroidManifest.xml:9:13-64
126            android:authorities="com.cpen391.flappyBird.flappyBluetoothApp.plumber-installer"
126-->[com.squareup.leakcanary:plumber-android:2.4] AndroidManifest.xml:10:13-69
127            android:enabled="@bool/leak_canary_plumber_auto_install"
127-->[com.squareup.leakcanary:plumber-android:2.4] AndroidManifest.xml:11:13-69
128            android:exported="false" />
128-->[com.squareup.leakcanary:plumber-android:2.4] AndroidManifest.xml:12:13-37
129        <provider
129-->[com.google.firebase:firebase-common:19.5.0] AndroidManifest.xml:26:9-31:39
130            android:name="com.google.firebase.provider.FirebaseInitProvider"
130-->[com.google.firebase:firebase-common:19.5.0] AndroidManifest.xml:27:13-77
131            android:authorities="com.cpen391.flappyBird.flappyBluetoothApp.firebaseinitprovider"
131-->[com.google.firebase:firebase-common:19.5.0] AndroidManifest.xml:28:13-72
132            android:directBootAware="true"
132-->[com.google.firebase:firebase-common:19.5.0] AndroidManifest.xml:29:13-43
133            android:exported="false"
133-->[com.google.firebase:firebase-common:19.5.0] AndroidManifest.xml:30:13-37
134            android:initOrder="100" />
134-->[com.google.firebase:firebase-common:19.5.0] AndroidManifest.xml:31:13-36
135
136        <activity
136-->[com.google.android.gms:play-services-base:17.0.0] AndroidManifest.xml:23:9-26:75
137            android:name="com.google.android.gms.common.api.GoogleApiActivity"
137-->[com.google.android.gms:play-services-base:17.0.0] AndroidManifest.xml:24:13-79
138            android:exported="false"
138-->[com.google.android.gms:play-services-base:17.0.0] AndroidManifest.xml:25:13-37
139            android:theme="@android:style/Theme.Translucent.NoTitleBar" />
139-->[com.google.android.gms:play-services-base:17.0.0] AndroidManifest.xml:26:13-72
140
141        <meta-data
141-->[com.google.android.gms:play-services-basement:17.0.0] AndroidManifest.xml:23:9-25:69
142            android:name="com.google.android.gms.version"
142-->[com.google.android.gms:play-services-basement:17.0.0] AndroidManifest.xml:24:13-58
143            android:value="@integer/google_play_services_version" />
143-->[com.google.android.gms:play-services-basement:17.0.0] AndroidManifest.xml:25:13-66
144
145        <provider
145-->[androidx.startup:startup-runtime:1.0.0] AndroidManifest.xml:26:9-30:34
146            android:name="androidx.startup.InitializationProvider"
146-->[androidx.startup:startup-runtime:1.0.0] AndroidManifest.xml:27:13-67
147            android:authorities="com.cpen391.flappyBird.flappyBluetoothApp.androidx-startup"
147-->[androidx.startup:startup-runtime:1.0.0] AndroidManifest.xml:28:13-68
148            android:exported="false" />
148-->[androidx.startup:startup-runtime:1.0.0] AndroidManifest.xml:29:13-37
149
150        <service
150-->[androidx.room:room-runtime:2.2.5] AndroidManifest.xml:25:9-28:40
151            android:name="androidx.room.MultiInstanceInvalidationService"
151-->[androidx.room:room-runtime:2.2.5] AndroidManifest.xml:26:13-74
152            android:directBootAware="true"
152-->[androidx.room:room-runtime:2.2.5] AndroidManifest.xml:27:13-43
153            android:exported="false" />
153-->[androidx.room:room-runtime:2.2.5] AndroidManifest.xml:28:13-37
154
155        <provider
155-->[androidx.lifecycle:lifecycle-process:2.2.0] AndroidManifest.xml:25:9-29:43
156            android:name="androidx.lifecycle.ProcessLifecycleOwnerInitializer"
156-->[androidx.lifecycle:lifecycle-process:2.2.0] AndroidManifest.xml:26:13-79
157            android:authorities="com.cpen391.flappyBird.flappyBluetoothApp.lifecycle-process"
157-->[androidx.lifecycle:lifecycle-process:2.2.0] AndroidManifest.xml:27:13-69
158            android:exported="false"
158-->[androidx.lifecycle:lifecycle-process:2.2.0] AndroidManifest.xml:28:13-37
159            android:multiprocess="true" />
159-->[androidx.lifecycle:lifecycle-process:2.2.0] AndroidManifest.xml:29:13-40
160    </application>
161
162</manifest>